Start testing: Apr 10 11:53 CEST
----------------------------------------------------------
Unable to find executable: unit_tests_NOT_BUILT
1/1 Testing: unit_tests_NOT_BUILT
1/1 Test: unit_tests_NOT_BUILT
Command: ""
Directory: /home/nmedeiro/so_long/MLX42/build/tests
"unit_tests_NOT_BUILT" start time: 
Output:
----------------------------------------------------------
<end of output>
Test time =   0.00 sec
----------------------------------------------------------
Test Passed.
"unit_tests_NOT_BUILT" end time: Apr 10 11:53 CEST
"unit_tests_NOT_BUILT" time elapsed: 00:00:00
----------------------------------------------------------

End testing: Apr 10 11:53 CEST
